{"C:\\Users\\dstet\\Desktop\\otus-jsBasic-hw4\\src\\script.js": {"path":"C:\\Users\\dstet\\Desktop\\otus-jsBasic-hw4\\src\\script.js","all":true,"statementMap":{"0":{"start":{"line":1,"column":0},"end":{"line":1,"column":8}},"1":{"start":{"line":2,"column":0},"end":{"line":2,"column":17}},"2":{"start":{"line":3,"column":0},"end":{"line":3,"column":28}},"3":{"start":{"line":4,"column":0},"end":{"line":4,"column":30}},"4":{"start":{"line":5,"column":0},"end":{"line":5,"column":20}},"5":{"start":{"line":6,"column":0},"end":{"line":6,"column":0}},"6":{"start":{"line":7,"column":0},"end":{"line":7,"column":17}},"7":{"start":{"line":8,"column":0},"end":{"line":8,"column":28}},"8":{"start":{"line":9,"column":0},"end":{"line":9,"column":30}}},"s":{"0":0,"1":0,"2":0,"3":0,"4":0,"5":0,"6":0,"7":0,"8":0},"branchMap":{"0":{"type":"branch","line":1,"loc":{"start":{"line":1,"column":0},"end":{"line":9,"column":30}},"locations":[{"start":{"line":1,"column":0},"end":{"line":9,"column":30}}]}},"b":{"0":[0]},"fnMap":{"0":{"name":"(empty-report)","decl":{"start":{"line":1,"column":0},"end":{"line":9,"column":30}},"loc":{"start":{"line":1,"column":0},"end":{"line":9,"column":30}},"line":1}},"f":{"0":0}}
,"C:\\Users\\dstet\\Desktop\\otus-jsBasic-hw4\\src\\utils.js": {"path":"C:\\Users\\dstet\\Desktop\\otus-jsBasic-hw4\\src\\utils.js","all":false,"statementMap":{"0":{"start":{"line":1,"column":0},"end":{"line":1,"column":82}},"1":{"start":{"line":2,"column":0},"end":{"line":2,"column":0}},"2":{"start":{"line":3,"column":0},"end":{"line":3,"column":30}},"3":{"start":{"line":4,"column":0},"end":{"line":4,"column":65}},"4":{"start":{"line":5,"column":0},"end":{"line":5,"column":27}},"5":{"start":{"line":6,"column":0},"end":{"line":6,"column":1}},"6":{"start":{"line":7,"column":0},"end":{"line":7,"column":0}},"7":{"start":{"line":8,"column":0},"end":{"line":8,"column":0}},"8":{"start":{"line":9,"column":0},"end":{"line":9,"column":30}},"9":{"start":{"line":10,"column":0},"end":{"line":10,"column":56}},"10":{"start":{"line":11,"column":0},"end":{"line":11,"column":25}},"11":{"start":{"line":12,"column":0},"end":{"line":12,"column":1}},"12":{"start":{"line":13,"column":0},"end":{"line":13,"column":0}},"13":{"start":{"line":14,"column":0},"end":{"line":14,"column":32}},"14":{"start":{"line":15,"column":0},"end":{"line":15,"column":56}},"15":{"start":{"line":16,"column":0},"end":{"line":16,"column":26}},"16":{"start":{"line":17,"column":0},"end":{"line":17,"column":1}},"17":{"start":{"line":18,"column":0},"end":{"line":18,"column":0}},"18":{"start":{"line":19,"column":0},"end":{"line":19,"column":34}},"19":{"start":{"line":20,"column":0},"end":{"line":20,"column":56}},"20":{"start":{"line":21,"column":0},"end":{"line":21,"column":1}},"21":{"start":{"line":22,"column":0},"end":{"line":22,"column":0}},"22":{"start":{"line":23,"column":0},"end":{"line":23,"column":64}},"23":{"start":{"line":24,"column":0},"end":{"line":24,"column":0}},"24":{"start":{"line":25,"column":0},"end":{"line":25,"column":32}},"25":{"start":{"line":26,"column":0},"end":{"line":26,"column":65}},"26":{"start":{"line":27,"column":0},"end":{"line":27,"column":52}},"27":{"start":{"line":28,"column":0},"end":{"line":28,"column":39}},"28":{"start":{"line":29,"column":0},"end":{"line":29,"column":54}},"29":{"start":{"line":30,"column":0},"end":{"line":30,"column":37}},"30":{"start":{"line":31,"column":0},"end":{"line":31,"column":19}},"31":{"start":{"line":32,"column":0},"end":{"line":32,"column":19}},"32":{"start":{"line":33,"column":0},"end":{"line":33,"column":1}},"33":{"start":{"line":34,"column":0},"end":{"line":34,"column":0}},"34":{"start":{"line":35,"column":0},"end":{"line":35,"column":42}},"35":{"start":{"line":36,"column":0},"end":{"line":36,"column":76}},"36":{"start":{"line":37,"column":0},"end":{"line":37,"column":23}},"37":{"start":{"line":38,"column":0},"end":{"line":38,"column":1}},"38":{"start":{"line":39,"column":0},"end":{"line":39,"column":0}},"39":{"start":{"line":40,"column":0},"end":{"line":40,"column":34}},"40":{"start":{"line":41,"column":0},"end":{"line":41,"column":51}},"41":{"start":{"line":42,"column":0},"end":{"line":42,"column":1}},"42":{"start":{"line":43,"column":0},"end":{"line":43,"column":0}},"43":{"start":{"line":44,"column":0},"end":{"line":44,"column":35}},"44":{"start":{"line":45,"column":0},"end":{"line":45,"column":49}},"45":{"start":{"line":46,"column":0},"end":{"line":46,"column":47}},"46":{"start":{"line":47,"column":0},"end":{"line":47,"column":28}},"47":{"start":{"line":48,"column":0},"end":{"line":48,"column":30}},"48":{"start":{"line":49,"column":0},"end":{"line":49,"column":3}},"49":{"start":{"line":50,"column":0},"end":{"line":50,"column":1}},"50":{"start":{"line":51,"column":0},"end":{"line":51,"column":0}},"51":{"start":{"line":52,"column":0},"end":{"line":52,"column":51}},"52":{"start":{"line":53,"column":0},"end":{"line":53,"column":0}},"53":{"start":{"line":54,"column":0},"end":{"line":54,"column":47}},"54":{"start":{"line":55,"column":0},"end":{"line":55,"column":56}},"55":{"start":{"line":56,"column":0},"end":{"line":56,"column":51}},"56":{"start":{"line":57,"column":0},"end":{"line":57,"column":54}},"57":{"start":{"line":58,"column":0},"end":{"line":58,"column":1}},"58":{"start":{"line":59,"column":0},"end":{"line":59,"column":0}},"59":{"start":{"line":60,"column":0},"end":{"line":60,"column":45}},"60":{"start":{"line":61,"column":0},"end":{"line":61,"column":56}},"61":{"start":{"line":62,"column":0},"end":{"line":62,"column":48}},"62":{"start":{"line":63,"column":0},"end":{"line":63,"column":64}},"63":{"start":{"line":64,"column":0},"end":{"line":64,"column":23}},"64":{"start":{"line":65,"column":0},"end":{"line":65,"column":5}},"65":{"start":{"line":66,"column":0},"end":{"line":66,"column":5}},"66":{"start":{"line":67,"column":0},"end":{"line":67,"column":1}}},"s":{"0":1,"1":1,"2":1,"3":15,"4":15,"5":15,"6":1,"7":1,"8":1,"9":10,"10":10,"11":10,"12":1,"13":1,"14":6,"15":6,"16":6,"17":1,"18":1,"19":14,"20":14,"21":1,"22":1,"23":1,"24":1,"25":3,"26":3,"27":3,"28":3,"29":3,"30":3,"31":3,"32":3,"33":1,"34":1,"35":5,"36":5,"37":5,"38":1,"39":1,"40":3,"41":3,"42":1,"43":1,"44":2,"45":2,"46":2,"47":2,"48":2,"49":2,"50":1,"51":1,"52":1,"53":1,"54":1,"55":1,"56":1,"57":1,"58":1,"59":1,"60":2,"61":2,"62":4,"63":4,"64":4,"65":2,"66":2},"branchMap":{"0":{"type":"branch","line":3,"loc":{"start":{"line":3,"column":7},"end":{"line":6,"column":1}},"locations":[{"start":{"line":3,"column":7},"end":{"line":6,"column":1}}]},"1":{"type":"branch","line":9,"loc":{"start":{"line":9,"column":7},"end":{"line":12,"column":1}},"locations":[{"start":{"line":9,"column":7},"end":{"line":12,"column":1}}]},"2":{"type":"branch","line":14,"loc":{"start":{"line":14,"column":7},"end":{"line":17,"column":1}},"locations":[{"start":{"line":14,"column":7},"end":{"line":17,"column":1}}]},"3":{"type":"branch","line":19,"loc":{"start":{"line":19,"column":7},"end":{"line":21,"column":1}},"locations":[{"start":{"line":19,"column":7},"end":{"line":21,"column":1}}]},"4":{"type":"branch","line":20,"loc":{"start":{"line":20,"column":23},"end":{"line":20,"column":38}},"locations":[{"start":{"line":20,"column":23},"end":{"line":20,"column":38}}]},"5":{"type":"branch","line":20,"loc":{"start":{"line":20,"column":38},"end":{"line":20,"column":55}},"locations":[{"start":{"line":20,"column":38},"end":{"line":20,"column":55}}]},"6":{"type":"branch","line":25,"loc":{"start":{"line":25,"column":7},"end":{"line":33,"column":1}},"locations":[{"start":{"line":25,"column":7},"end":{"line":33,"column":1}}]},"7":{"type":"branch","line":35,"loc":{"start":{"line":35,"column":7},"end":{"line":38,"column":1}},"locations":[{"start":{"line":35,"column":7},"end":{"line":38,"column":1}}]},"8":{"type":"branch","line":40,"loc":{"start":{"line":40,"column":7},"end":{"line":42,"column":1}},"locations":[{"start":{"line":40,"column":7},"end":{"line":42,"column":1}}]},"9":{"type":"branch","line":44,"loc":{"start":{"line":44,"column":7},"end":{"line":50,"column":1}},"locations":[{"start":{"line":44,"column":7},"end":{"line":50,"column":1}}]},"10":{"type":"branch","line":54,"loc":{"start":{"line":54,"column":7},"end":{"line":58,"column":1}},"locations":[{"start":{"line":54,"column":7},"end":{"line":58,"column":1}}]},"11":{"type":"branch","line":60,"loc":{"start":{"line":60,"column":7},"end":{"line":67,"column":1}},"locations":[{"start":{"line":60,"column":7},"end":{"line":67,"column":1}}]},"12":{"type":"branch","line":62,"loc":{"start":{"line":62,"column":37},"end":{"line":66,"column":3}},"locations":[{"start":{"line":62,"column":37},"end":{"line":66,"column":3}}]}},"b":{"0":[15],"1":[10],"2":[6],"3":[14],"4":[9],"5":[5],"6":[3],"7":[5],"8":[3],"9":[2],"10":[1],"11":[2],"12":[4]},"fnMap":{"0":{"name":"checkField","decl":{"start":{"line":3,"column":7},"end":{"line":6,"column":1}},"loc":{"start":{"line":3,"column":7},"end":{"line":6,"column":1}},"line":3},"1":{"name":"hideButton","decl":{"start":{"line":9,"column":7},"end":{"line":12,"column":1}},"loc":{"start":{"line":9,"column":7},"end":{"line":12,"column":1}},"line":9},"2":{"name":"unhideButton","decl":{"start":{"line":14,"column":7},"end":{"line":17,"column":1}},"loc":{"start":{"line":14,"column":7},"end":{"line":17,"column":1}},"line":14},"3":{"name":"buttonBehavior","decl":{"start":{"line":19,"column":7},"end":{"line":21,"column":1}},"loc":{"start":{"line":19,"column":7},"end":{"line":21,"column":1}},"line":19},"4":{"name":"addParagraph","decl":{"start":{"line":25,"column":7},"end":{"line":33,"column":1}},"loc":{"start":{"line":25,"column":7},"end":{"line":33,"column":1}},"line":25},"5":{"name":"returnParagraphsObject","decl":{"start":{"line":35,"column":7},"end":{"line":38,"column":1}},"loc":{"start":{"line":35,"column":7},"end":{"line":38,"column":1}},"line":35},"6":{"name":"clearInputArea","decl":{"start":{"line":40,"column":7},"end":{"line":42,"column":1}},"loc":{"start":{"line":40,"column":7},"end":{"line":42,"column":1}},"line":40},"7":{"name":"removeParagraph","decl":{"start":{"line":44,"column":7},"end":{"line":50,"column":1}},"loc":{"start":{"line":44,"column":7},"end":{"line":50,"column":1}},"line":44},"8":{"name":"addListenersCLickToButtonEl","decl":{"start":{"line":54,"column":7},"end":{"line":58,"column":1}},"loc":{"start":{"line":54,"column":7},"end":{"line":58,"column":1}},"line":54},"9":{"name":"addListenerKeyupToInputEl","decl":{"start":{"line":60,"column":7},"end":{"line":67,"column":1}},"loc":{"start":{"line":60,"column":7},"end":{"line":67,"column":1}},"line":60}},"f":{"0":15,"1":10,"2":6,"3":14,"4":3,"5":5,"6":3,"7":2,"8":1,"9":2}}
}
