TN:
SF:src\script.js
FN:1,(empty-report)
FNF:1
FNH:0
FNDA:0,(empty-report)
DA:1,0
DA:2,0
DA:3,0
DA:4,0
DA:5,0
DA:6,0
DA:7,0
DA:8,0
DA:9,0
LF:9
LH:0
BRDA:1,0,0,0
BRF:1
BRH:0
end_of_record
TN:
SF:src\utils.js
FN:3,checkField
FN:9,hideButton
FN:14,unhideButton
FN:19,buttonBehavior
FN:25,addParagraph
FN:35,returnParagraphsObject
FN:40,clearInputArea
FN:44,removeParagraph
FN:54,addListenersCLickToButtonEl
FN:60,addListenerKeyupToInputEl
FNF:10
FNH:10
FNDA:15,checkField
FNDA:10,hideButton
FNDA:6,unhideButton
FNDA:14,buttonBehavior
FNDA:3,addParagraph
FNDA:5,returnParagraphsObject
FNDA:3,clearInputArea
FNDA:2,removeParagraph
FNDA:1,addListenersCLickToButtonEl
FNDA:2,addListenerKeyupToInputEl
DA:1,1
DA:2,1
DA:3,1
DA:4,15
DA:5,15
DA:6,15
DA:7,1
DA:8,1
DA:9,1
DA:10,10
DA:11,10
DA:12,10
DA:13,1
DA:14,1
DA:15,6
DA:16,6
DA:17,6
DA:18,1
DA:19,1
DA:20,14
DA:21,14
DA:22,1
DA:23,1
DA:24,1
DA:25,1
DA:26,3
DA:27,3
DA:28,3
DA:29,3
DA:30,3
DA:31,3
DA:32,3
DA:33,3
DA:34,1
DA:35,1
DA:36,5
DA:37,5
DA:38,5
DA:39,1
DA:40,1
DA:41,3
DA:42,3
DA:43,1
DA:44,1
DA:45,2
DA:46,2
DA:47,2
DA:48,2
DA:49,2
DA:50,2
DA:51,1
DA:52,1
DA:53,1
DA:54,1
DA:55,1
DA:56,1
DA:57,1
DA:58,1
DA:59,1
DA:60,1
DA:61,2
DA:62,2
DA:63,4
DA:64,4
DA:65,4
DA:66,2
DA:67,2
LF:67
LH:67
BRDA:3,0,0,15
BRDA:9,1,0,10
BRDA:14,2,0,6
BRDA:19,3,0,14
BRDA:20,4,0,9
BRDA:20,5,0,5
BRDA:25,6,0,3
BRDA:35,7,0,5
BRDA:40,8,0,3
BRDA:44,9,0,2
BRDA:54,10,0,1
BRDA:60,11,0,2
BRDA:62,12,0,4
BRF:13
BRH:13
end_of_record
